<?xml version="1.0" encoding="UTF-8"?>
<!-- Generated by org.testng.reporters.JUnitReportReporter -->
<testsuite skipped="0" hostname="DESKTOP-90JUPMR" name="org.facebook.login" tests="1" failures="0" timestamp="19 Jul 2021 14:57:30 GMT" time="0.256" errors="0">
  <testcase name="getfbLogin1" time="0.256" classname="org.facebook.login"/>
</testsuite> <!-- org.facebook.login -->
