<?xml version="1.0" encoding="UTF-8"?>
<!-- Generated by org.testng.reporters.JUnitReportReporter -->
<testsuite skipped="0" hostname="DESKTOP-90JUPMR" name="org.facebook.login" tests="3" failures="0" timestamp="21 Jul 2021 16:14:37 GMT" time="3.534" errors="0">
  <testcase name="getfbpage" time="3.270" classname="org.facebook.login"/>
  <testcase name="getfbLogin" time="0.262" classname="org.facebook.login"/>
  <testcase name="printstat" time="0.002" classname="org.facebook.login"/>
</testsuite> <!-- org.facebook.login -->
