<?xml version="1.0" encoding="UTF-8"?>
<!-- Generated by org.testng.reporters.JUnitReportReporter -->
<testsuite skipped="0" hostname="DESKTOP-90JUPMR" name="org.facebook.login" tests="3" failures="0" timestamp="21 Jul 2021 05:27:16 GMT" time="4.198" errors="0">
  <testcase name="getfbpage" time="3.981" classname="org.facebook.login"/>
  <testcase name="getfbLogin" time="0.211" classname="org.facebook.login"/>
  <testcase name="printstat" time="0.006" classname="org.facebook.login"/>
</testsuite> <!-- org.facebook.login -->
